# JRE version: Java(TM) SE Runtime Environment (8.0_60-b27) (build 1.8.0_60-b27)
# Java VM: Java HotSpot(TM) 64-Bit Server VM (25.60-b23 mixed mode windows-amd64 compressed oops)
Heap:
 PSYoungGen      total 51200K, used 31682K [0x00000000eab00000, 0x00000000ef780000, 0x0000000100000000)
  eden space 26624K, 37% used [0x00000000eab00000,0x00000000eb4df978,0x00000000ec500000)
  from space 24576K, 87% used [0x00000000edf80000,0x00000000ef490f70,0x00000000ef780000)
  to   space 20992K, 0% used [0x00000000ec500000,0x00000000ec500000,0x00000000ed980000)
 ParOldGen       total 92160K, used 55276K [0x00000000c0000000, 0x00000000c5a00000, 0x00000000eab00000)
  object space 92160K, 59% used [0x00000000c0000000,0x00000000c35fb300,0x00000000c5a00000)
 Metaspace       used 7657K, capacity 8126K, committed 8192K, reserved 1056768K
  class space    used 725K, capacity 753K, committed 768K, reserved 1048576K
GC Heap History (10 events):
Event: 12.654 GC heap before
{Heap before GC invocations=46 (full 4):
 PSYoungGen      total 47616K, used 39660K [0x00000000eab00000, 0x00000000ef780000, 0x0000000100000000)
  eden space 26624K, 100% used [0x00000000eab00000,0x00000000ec500000,0x00000000ec500000)
  from space 20992K, 62% used [0x00000000ec500000,0x00000000ed1bb290,0x00000000ed980000)
  to   space 24576K, 0% used [0x00000000edf80000,0x00000000edf80000,0x00000000ef780000)
 ParOldGen       total 92160K, used 41773K [0x00000000c0000000, 0x00000000c5a00000, 0x00000000eab00000)
  object space 92160K, 45% used [0x00000000c0000000,0x00000000c28cb6c8,0x00000000c5a00000)
 Metaspace       used 7656K, capacity 8126K, committed 8192K, reserved 1056768K
  class space    used 725K, capacity 753K, committed 768K, reserved 1048576K
Event: 12.673 GC heap after
Heap after GC invocations=46 (full 4):
 PSYoungGen      total 51200K, used 24529K [0x00000000eab00000, 0x00000000ef780000, 0x0000000100000000)
  eden space 26624K, 0% used [0x00000000eab00000,0x00000000eab00000,0x00000000ec500000)
  from space 24576K, 99% used [0x00000000edf80000,0x00000000ef774718,0x00000000ef780000)
  to   space 20992K, 0% used [0x00000000ec500000,0x00000000ec500000,0x00000000ed980000)
 ParOldGen       total 92160K, used 41773K [0x00000000c0000000, 0x00000000c5a00000, 0x00000000eab00000)
  object space 92160K, 45% used [0x00000000c0000000,0x00000000c28cb6c8,0x00000000c5a00000)
 Metaspace       used 7656K, capacity 8126K, committed 8192K, reserved 1056768K
  class space    used 725K, capacity 753K, committed 768K, reserved 1048576K
}
Event: 12.821 GC heap before
{Heap before GC invocations=47 (full 4):
 PSYoungGen      total 51200K, used 51153K [0x00000000eab00000, 0x00000000ef780000, 0x0000000100000000)
  eden space 26624K, 100% used [0x00000000eab00000,0x00000000ec500000,0x00000000ec500000)
  from space 24576K, 99% used [0x00000000edf80000,0x00000000ef774718,0x00000000ef780000)
  to   space 20992K, 0% used [0x00000000ec500000,0x00000000ec500000,0x00000000ed980000)
 ParOldGen       total 92160K, used 41773K [0x00000000c0000000, 0x00000000c5a00000, 0x00000000eab00000)
  object space 92160K, 45% used [0x00000000c0000000,0x00000000c28cb6c8,0x00000000c5a00000)
 Metaspace       used 7656K, capacity 8126K, committed 8192K, reserved 1056768K
  class space    used 725K, capacity 753K, committed 768K, reserved 1048576K
Event: 12.846 GC heap after
Heap after GC invocations=47 (full 4):
 PSYoungGen      total 47616K, used 15825K [0x00000000eab00000, 0x00000000ef780000, 0x0000000100000000)
  eden space 26624K, 0% used [0x00000000eab00000,0x00000000eab00000,0x00000000ec500000)
  from space 20992K, 75% used [0x00000000ec500000,0x00000000ed474478,0x00000000ed980000)
  to   space 24576K, 0% used [0x00000000edf80000,0x00000000edf80000,0x00000000ef780000)
 ParOldGen       total 92160K, used 41773K [0x00000000c0000000, 0x00000000c5a00000, 0x00000000eab00000)
  object space 92160K, 45% used [0x00000000c0000000,0x00000000c28cb6c8,0x00000000c5a00000)
 Metaspace       used 7656K, capacity 8126K, committed 8192K, reserved 1056768K
  class space    used 725K, capacity 753K, committed 768K, reserved 1048576K
}
Event: 12.954 GC heap before
{Heap before GC invocations=48 (full 4):
 PSYoungGen      total 47616K, used 42449K [0x00000000eab00000, 0x00000000ef780000, 0x0000000100000000)
  eden space 26624K, 100% used [0x00000000eab00000,0x00000000ec500000,0x00000000ec500000)
  from space 20992K, 75% used [0x00000000ec500000,0x00000000ed474478,0x00000000ed980000)
  to   space 24576K, 0% used [0x00000000edf80000,0x00000000edf80000,0x00000000ef780000)
 ParOldGen       total 92160K, used 41773K [0x00000000c0000000, 0x00000000c5a00000, 0x00000000eab00000)
  object space 92160K, 45% used [0x00000000c0000000,0x00000000c28cb6c8,0x00000000c5a00000)
 Metaspace       used 7656K, capacity 8126K, committed 8192K, reserved 1056768K
  class space    used 725K, capacity 753K, committed 768K, reserved 1048576K
Event: 12.978 GC heap after
Heap after GC invocations=48 (full 4):
 PSYoungGen      total 51200K, used 21366K [0x00000000eab00000, 0x00000000ef780000, 0x0000000100000000)
  eden space 26624K, 0% used [0x00000000eab00000,0x00000000eab00000,0x00000000ec500000)
  from space 24576K, 86% used [0x00000000edf80000,0x00000000ef45d810,0x00000000ef780000)
  to   space 20992K, 0% used [0x00000000ec500000,0x00000000ec500000,0x00000000ed980000)
 ParOldGen       total 92160K, used 41773K [0x00000000c0000000, 0x00000000c5a00000, 0x00000000eab00000)
  object space 92160K, 45% used [0x00000000c0000000,0x00000000c28cb6c8,0x00000000c5a00000)
 Metaspace       used 7656K, capacity 8126K, committed 8192K, reserved 1056768K
  class space    used 725K, capacity 753K, committed 768K, reserved 1048576K
}
Event: 13.206 GC heap before
{Heap before GC invocations=49 (full 4):
 PSYoungGen      total 51200K, used 47166K [0x00000000eab00000, 0x00000000ef780000, 0x0000000100000000)
  eden space 26624K, 96% used [0x00000000eab00000,0x00000000ec432340,0x00000000ec500000)
  from space 24576K, 86% used [0x00000000edf80000,0x00000000ef45d810,0x00000000ef780000)
  to   space 20992K, 0% used [0x00000000ec500000,0x00000000ec500000,0x00000000ed980000)
 ParOldGen       total 92160K, used 41773K [0x00000000c0000000, 0x00000000c5a00000, 0x00000000eab00000)
  object space 92160K, 45% used [0x00000000c0000000,0x00000000c28cb6c8,0x00000000c5a00000)
 Metaspace       used 7656K, capacity 8126K, committed 8192K, reserved 1056768K
  class space    used 725K, capacity 753K, committed 768K, reserved 1048576K
Event: 13.213 GC heap after
Heap after GC invocations=49 (full 4):
 PSYoungGen      total 47616K, used 16063K [0x00000000eab00000, 0x00000000ef780000, 0x0000000100000000)
  eden space 26624K, 0% used [0x00000000eab00000,0x00000000eab00000,0x00000000ec500000)
  from space 20992K, 76% used [0x00000000ec500000,0x00000000ed4aff80,0x00000000ed980000)
  to   space 24576K, 0% used [0x00000000edf80000,0x00000000edf80000,0x00000000ef780000)
 ParOldGen       total 92160K, used 42197K [0x00000000c0000000, 0x00000000c5a00000, 0x00000000eab00000)
  object space 92160K, 45% used [0x00000000c0000000,0x00000000c29356c8,0x00000000c5a00000)
 Metaspace       used 7656K, capacity 8126K, committed 8192K, reserved 1056768K
  class space    used 725K, capacity 753K, committed 768K, reserved 1048576K
}
Event: 13.294 GC heap before
{Heap before GC invocations=50 (full 4):
 PSYoungGen      total 47616K, used 42687K [0x00000000eab00000, 0x00000000ef780000, 0x0000000100000000)
  eden space 26624K, 100% used [0x00000000eab00000,0x00000000ec500000,0x00000000ec500000)
  from space 20992K, 76% used [0x00000000ec500000,0x00000000ed4aff80,0x00000000ed980000)
  to   space 24576K, 0% used [0x00000000edf80000,0x00000000edf80000,0x00000000ef780000)
 ParOldGen       total 92160K, used 42197K [0x00000000c0000000, 0x00000000c5a00000, 0x00000000eab00000)
  object space 92160K, 45% used [0x00000000c0000000,0x00000000c29356c8,0x00000000c5a00000)
 Metaspace       used 7657K, capacity 8126K, committed 8192K, reserved 1056768K
  class space    used 725K, capacity 753K, committed 768K, reserved 1048576K
Event: 13.307 GC heap after
Heap after GC invocations=50 (full 4):
 PSYoungGen      total 51200K, used 21571K [0x00000000eab00000, 0x00000000ef780000, 0x0000000100000000)
  eden space 26624K, 0% used [0x00000000eab00000,0x00000000eab00000,0x00000000ec500000)
  from space 24576K, 87% used [0x00000000edf80000,0x00000000ef490f70,0x00000000ef780000)
  to   space 20992K, 0% used [0x00000000ec500000,0x00000000ec500000,0x00000000ed980000)
 ParOldGen       total 92160K, used 55276K [0x00000000c0000000, 0x00000000c5a00000, 0x00000000eab00000)
  object space 92160K, 59% used [0x00000000c0000000,0x00000000c35fb300,0x00000000c5a00000)
 Metaspace       used 7657K, capacity 8126K, committed 8192K, reserved 1056768K
  class space    used 725K, capacity 753K, committed 768K, reserved 1048576K
}

